This is pdfTeX, Version 3.14159265-2.6-1.40.21 (MiKTeX 2.9.7350 64-bit) (preloaded format=pdflatex 2020.4.7)  15 APR 2020 20:41
entering extended mode
**f:/TEAN/Portfolio/DECO/DECO2500_Report_42637460.tex
(f:/TEAN/Portfolio/DECO/DECO2500_Report_42637460.tex
LaTeX2e <2020-02-02> patch level 5
L3 programming layer <2020-03-06> ("C:\Users\teanm\AppData\Local\Programs\MiKTeX 2.9\tex/latex/base\article.cls"
Document Class: article 2019/12/20 v1.4l Standard LaTeX document class
("C:\Users\teanm\AppData\Local\Programs\MiKTeX 2.9\tex/latex/base\size12.clo"
File: size12.clo 2019/12/20 v1.4l Standard LaTeX file (size option)
)
\c@part=\count167
\c@section=\count168
\c@subsection=\count169
\c@subsubsection=\count170
\c@paragraph=\count171
\c@subparagraph=\count172
\c@figure=\count173
\c@table=\count174
\abovecaptionskip=\skip47
\belowcaptionskip=\skip48
\bibindent=\dimen134
) ("C:\Users\teanm\AppData\Local\Programs\MiKTeX 2.9\tex/latex/geometry\geometry.sty"
Package: geometry 2020/01/02 v5.9 Page Geometry
 ("C:\Users\teanm\AppData\Local\Programs\MiKTeX 2.9\tex/latex/graphics\keyval.sty"
Package: keyval 2014/10/28 v1.15 key=value parser (DPC)
\KV@toks@=\toks15
) ("C:\Users\teanm\AppData\Local\Programs\MiKTeX 2.9\tex/generic/iftex\ifvtex.sty"
Package: ifvtex 2019/10/25 v1.7 ifvtex legacy package. Use iftex instead.
 ("C:\Users\teanm\AppData\Local\Programs\MiKTeX 2.9\tex/generic/iftex\iftex.sty"
Package: iftex 2020/03/06 v1.0d TeX engine tests
))
\Gm@cnth=\count175
\Gm@cntv=\count176
\c@Gm@tempcnt=\count177
\Gm@bindingoffset=\dimen135
\Gm@wd@mp=\dimen136
\Gm@odd@mp=\dimen137
\Gm@even@mp=\dimen138
\Gm@layoutwidth=\dimen139
\Gm@layoutheight=\dimen140
\Gm@layouthoffset=\dimen141
\Gm@layoutvoffset=\dimen142
\Gm@dimlist=\toks16
 ("C:\Users\teanm\AppData\Local\Programs\MiKTeX 2.9\tex/latex/geometry\geometry.cfg")) ("C:\Users\teanm\AppData\Local\Programs\MiKTeX 2.9\tex/latex/base\inputenc.sty"
Package: inputenc 2018/08/11 v1.3c Input encoding file
\inpenc@prehook=\toks17
\inpenc@posthook=\toks18
) ("C:\Users\teanm\AppData\Local\Programs\MiKTeX 2.9\tex/generic/babel\babel.sty"
Package: babel 2020/02/28 3.41 The Babel package
 ("C:\Users\teanm\AppData\Local\Programs\MiKTeX 2.9\tex/generic/babel\switch.def"
File: switch.def 2020/02/28 3.41 Babel switching mechanism
)
*************************************
* Local config file bblopts.cfg used
*
("C:\Users\teanm\AppData\Local\Programs\MiKTeX 2.9\tex/latex/arabi\bblopts.cfg"
File: bblopts.cfg 2005/09/08 v0.1 add Arabic and Farsi to "declared" options of babel
) ("C:\Users\teanm\AppData\Local\Programs\MiKTeX 2.9\tex/latex/babel-english\english.ldf"
Language: english 2017/06/06 v3.3r English support from the babel system
 ("C:\Users\teanm\AppData\Local\Programs\MiKTeX 2.9\tex/generic/babel\babel.def"
File: babel.def 2020/02/28 3.41 Babel common definitions
\babel@savecnt=\count178
\U@D=\dimen143
 ("C:\Users\teanm\AppData\Local\Programs\MiKTeX 2.9\tex/generic/babel\txtbabel.def")
\bbl@readstream=\read2
\bbl@dirlevel=\count179
)
Package babel Info: \l@canadian = using hyphenrules for english
(babel)             (\language0) on input line 102.
Package babel Info: \l@australian = using hyphenrules for ukenglish
(babel)             (\language72) on input line 105.
Package babel Info: \l@newzealand = using hyphenrules for ukenglish
(babel)             (\language72) on input line 108.
)) ("C:\Users\teanm\AppData\Local\Programs\MiKTeX 2.9\tex/latex/xcolor\xcolor.sty"
Package: xcolor 2016/05/11 v2.12 LaTeX color extensions (UK)
 ("C:\Users\teanm\AppData\Local\Programs\MiKTeX 2.9\tex/latex/graphics-cfg\color.cfg"
File: color.cfg 2016/01/02 v1.6 sample color configuration
)
Package xcolor Info: Driver file: pdftex.def on input line 225.
 ("C:\Users\teanm\AppData\Local\Programs\MiKTeX 2.9\tex/latex/graphics-def\pdftex.def"
File: pdftex.def 2018/01/08 v1.0l Graphics/color driver for pdftex
)
Package xcolor Info: Model `cmy' substituted by `cmy0' on input line 1348.
Package xcolor Info: Model `hsb' substituted by `rgb' on input line 1352.
Package xcolor Info: Model `RGB' extended on input line 1364.
Package xcolor Info: Model `HTML' substituted by `rgb' on input line 1366.
Package xcolor Info: Model `Hsb' substituted by `hsb' on input line 1367.
Package xcolor Info: Model `tHsb' substituted by `hsb' on input line 1368.
Package xcolor Info: Model `HSB' substituted by `hsb' on input line 1369.
Package xcolor Info: Model `Gray' substituted by `gray' on input line 1370.
Package xcolor Info: Model `wave' substituted by `hsb' on input line 1371.
) ("C:\Users\teanm\AppData\Local\Programs\MiKTeX 2.9\tex/latex/appendix\appendix.sty"
Package: appendix 2020/02/08 v1.2c extra appendix facilities
\c@@pps=\count180
\c@@ppsavesec=\count181
\c@@ppsaveapp=\count182
) ("C:\Users\teanm\AppData\Local\Programs\MiKTeX 2.9\tex/latex/hyperref\hyperref.sty"
Package: hyperref 2020/01/14 v7.00d Hypertext links for LaTeX
 ("C:\Users\teanm\AppData\Local\Programs\MiKTeX 2.9\tex/generic/ltxcmds\ltxcmds.sty"
Package: ltxcmds 2019/12/15 v1.24 LaTeX kernel commands for general use (HO)
) ("C:\Users\teanm\AppData\Local\Programs\MiKTeX 2.9\tex/latex/pdftexcmds\pdftexcmds.sty"
Package: pdftexcmds 2019/11/24 v0.31 Utility functions of pdfTeX for LuaTeX (HO)
 ("C:\Users\teanm\AppData\Local\Programs\MiKTeX 2.9\tex/generic/infwarerr\infwarerr.sty"
Package: infwarerr 2019/12/03 v1.5 Providing info/warning/error messages (HO)
)
Package pdftexcmds Info: \pdf@primitive is available.
Package pdftexcmds Info: \pdf@ifprimitive is available.
Package pdftexcmds Info: \pdfdraftmode found.
) ("C:\Users\teanm\AppData\Local\Programs\MiKTeX 2.9\tex/generic/kvsetkeys\kvsetkeys.sty"
Package: kvsetkeys 2019/12/15 v1.18 Key value parser (HO)
) ("C:\Users\teanm\AppData\Local\Programs\MiKTeX 2.9\tex/generic/kvdefinekeys\kvdefinekeys.sty"
Package: kvdefinekeys 2019-12-19 v1.6 Define keys (HO)
) ("C:\Users\teanm\AppData\Local\Programs\MiKTeX 2.9\tex/generic/pdfescape\pdfescape.sty"
Package: pdfescape 2019/12/09 v1.15 Implements pdfTeX's escape features (HO)
) ("C:\Users\teanm\AppData\Local\Programs\MiKTeX 2.9\tex/latex/hycolor\hycolor.sty"
Package: hycolor 2020-01-27 v1.10 Color options for hyperref/bookmark (HO)
) ("C:\Users\teanm\AppData\Local\Programs\MiKTeX 2.9\tex/latex/letltxmacro\letltxmacro.sty"
Package: letltxmacro 2019/12/03 v1.6 Let assignment for LaTeX macros (HO)
) ("C:\Users\teanm\AppData\Local\Programs\MiKTeX 2.9\tex/latex/auxhook\auxhook.sty"
Package: auxhook 2019-12-17 v1.6 Hooks for auxiliary files (HO)
) ("C:\Users\teanm\AppData\Local\Programs\MiKTeX 2.9\tex/latex/kvoptions\kvoptions.sty"
Package: kvoptions 2019/11/29 v3.13 Key value format for package options (HO)
)
\@linkdim=\dimen144
\Hy@linkcounter=\count183
\Hy@pagecounter=\count184
 ("C:\Users\teanm\AppData\Local\Programs\MiKTeX 2.9\tex/latex/hyperref\pd1enc.def"
File: pd1enc.def 2020/01/14 v7.00d Hyperref: PDFDocEncoding definition (HO)
Now handling font encoding PD1 ...
... no UTF-8 mapping file for font encoding PD1
) ("C:\Users\teanm\AppData\Local\Programs\MiKTeX 2.9\tex/generic/intcalc\intcalc.sty"
Package: intcalc 2019/12/15 v1.3 Expandable calculations with integers (HO)
) ("C:\Users\teanm\AppData\Local\Programs\MiKTeX 2.9\tex/generic/etexcmds\etexcmds.sty"
Package: etexcmds 2019/12/15 v1.7 Avoid name clashes with e-TeX commands (HO)
)
\Hy@SavedSpaceFactor=\count185
Package hyperref Info: Hyper figures OFF on input line 4547.
Package hyperref Info: Link nesting OFF on input line 4552.
Package hyperref Info: Hyper index ON on input line 4555.
Package hyperref Info: Plain pages OFF on input line 4562.
Package hyperref Info: Backreferencing OFF on input line 4567.
Package hyperref Info: Implicit mode ON; LaTeX internals redefined.
Package hyperref Info: Bookmarks ON on input line 4800.
\c@Hy@tempcnt=\count186
 ("C:\Users\teanm\AppData\Local\Programs\MiKTeX 2.9\tex/latex/url\url.sty"
\Urlmuskip=\muskip16
Package: url 2013/09/16  ver 3.4  Verb mode for urls, etc.
)
LaTeX Info: Redefining \url on input line 5159.
\XeTeXLinkMargin=\dimen145
 ("C:\Users\teanm\AppData\Local\Programs\MiKTeX 2.9\tex/generic/bitset\bitset.sty"
Package: bitset 2019/12/09 v1.3 Handle bit-vector datatype (HO)
 ("C:\Users\teanm\AppData\Local\Programs\MiKTeX 2.9\tex/generic/bigintcalc\bigintcalc.sty"
Package: bigintcalc 2019/12/15 v1.5 Expandable calculations on big integers (HO)
))
\Fld@menulength=\count187
\Field@Width=\dimen146
\Fld@charsize=\dimen147
Package hyperref Info: Hyper figures OFF on input line 6430.
Package hyperref Info: Link nesting OFF on input line 6435.
Package hyperref Info: Hyper index ON on input line 6438.
Package hyperref Info: backreferencing OFF on input line 6445.
Package hyperref Info: Link coloring OFF on input line 6450.
Package hyperref Info: Link coloring with OCG OFF on input line 6455.
Package hyperref Info: PDF/A mode OFF on input line 6460.
LaTeX Info: Redefining \ref on input line 6500.
LaTeX Info: Redefining \pageref on input line 6504.
 ("C:\Users\teanm\AppData\Local\Programs\MiKTeX 2.9\tex/generic/atbegshi\atbegshi.sty"
Package: atbegshi 2019/12/05 v1.19 At begin shipout hook (HO)
)
\Hy@abspage=\count188
\c@Item=\count189
\c@Hfootnote=\count190
)
Package hyperref Info: Driver (autodetected): hpdftex.
 ("C:\Users\teanm\AppData\Local\Programs\MiKTeX 2.9\tex/latex/hyperref\hpdftex.def"
File: hpdftex.def 2020/01/14 v7.00d Hyperref driver for pdfTeX
 ("C:\Users\teanm\AppData\Local\Programs\MiKTeX 2.9\tex/latex/atveryend\atveryend.sty"
Package: atveryend 2019-12-11 v1.11 Hooks at the very end of document (HO)
Package atveryend Info: \enddocument detected (standard20110627).
)
\Fld@listcount=\count191
\c@bookmark@seq@number=\count192
 ("C:\Users\teanm\AppData\Local\Programs\MiKTeX 2.9\tex/latex/rerunfilecheck\rerunfilecheck.sty"
Package: rerunfilecheck 2019/12/05 v1.9 Rerun checks for auxiliary files (HO)
 ("C:\Users\teanm\AppData\Local\Programs\MiKTeX 2.9\tex/generic/uniquecounter\uniquecounter.sty"
Package: uniquecounter 2019/12/15 v1.4 Provide unlimited unique counter (HO)
)
Package uniquecounter Info: New unique counter `rerunfilecheck' on input line 286.
)
\Hy@SectionHShift=\skip49
)
Package hyperref Info: Option `colorlinks' set `true' on input line 21.
 ("C:\Users\teanm\AppData\Local\Programs\MiKTeX 2.9\tex/latex/standalone\standalone.sty"
Package: standalone 2018/03/26 v1.3a Package to include TeX sub-files with preambles
 ("C:\Users\teanm\AppData\Local\Programs\MiKTeX 2.9\tex/latex/tools\shellesc.sty"
Package: shellesc 2019/11/08 v1.0c unified shell escape interface for LaTeX
Package shellesc Info: Restricted shell escape enabled on input line 77.
) ("C:\Users\teanm\AppData\Local\Programs\MiKTeX 2.9\tex/latex/xkeyval\xkeyval.sty"
Package: xkeyval 2014/12/03 v2.7a package option processing (HA)
 ("C:\Users\teanm\AppData\Local\Programs\MiKTeX 2.9\tex/generic/xkeyval\xkeyval.tex" ("C:\Users\teanm\AppData\Local\Programs\MiKTeX 2.9\tex/generic/xkeyval\xkvutils.tex"
\XKV@toks=\toks19
\XKV@tempa@toks=\toks20
)
\XKV@depth=\count193
File: xkeyval.tex 2014/12/03 v2.7a key=value parser (HA)
)) ("C:\Users\teanm\AppData\Local\Programs\MiKTeX 2.9\tex/latex/currfile\currfile.sty"
Package: currfile 2015/04/23 v0.7c Provides the file path elements of the current input file
 ("C:\Users\teanm\AppData\Local\Programs\MiKTeX 2.9\tex/latex/filehook\filehook.sty"
Package: filehook 2020/02/03 v0.7 Hooks for input files
)
\c@currfiledepth=\count194
) ("C:\Users\teanm\AppData\Local\Programs\MiKTeX 2.9\tex/latex/gincltex\gincltex.sty" ("C:\Users\teanm\AppData\Local\Programs\MiKTeX 2.9\tex/latex/svn-prov\svn-prov.sty"
Package: svn-prov 2010/04/24 v3.1862 Package Date/Version from SVN Keywords
)
Package: gincltex 2011/09/04 v0.3 Include external LaTeX files like graphics
 ("C:\Users\teanm\AppData\Local\Programs\MiKTeX 2.9\tex/latex/adjustbox\adjustbox.sty"
Package: adjustbox 2019/01/04 v1.2 Adjusting TeX boxes (trim, clip, ...)
 ("C:\Users\teanm\AppData\Local\Programs\MiKTeX 2.9\tex/latex/adjustbox\adjcalc.sty"
Package: adjcalc 2012/05/16 v1.1 Provides advanced setlength with multiple back-ends (calc, etex, pgfmath)
) ("C:\Users\teanm\AppData\Local\Programs\MiKTeX 2.9\tex/latex/adjustbox\trimclip.sty"
Package: trimclip 2018/04/08 v1.1 Trim and clip general TeX material
 ("C:\Users\teanm\AppData\Local\Programs\MiKTeX 2.9\tex/latex/graphics\graphicx.sty"
Package: graphicx 2019/11/30 v1.2a Enhanced LaTeX Graphics (DPC,SPQR)
 ("C:\Users\teanm\AppData\Local\Programs\MiKTeX 2.9\tex/latex/graphics\graphics.sty"
Package: graphics 2019/11/30 v1.4a Standard LaTeX Graphics (DPC,SPQR)
 ("C:\Users\teanm\AppData\Local\Programs\MiKTeX 2.9\tex/latex/graphics\trig.sty"
Package: trig 2016/01/03 v1.10 sin cos tan (DPC)
) ("C:\Users\teanm\AppData\Local\Programs\MiKTeX 2.9\tex/latex/graphics-cfg\graphics.cfg"
File: graphics.cfg 2016/06/04 v1.11 sample graphics configuration
)
Package graphics Info: Driver file: pdftex.def on input line 105.
)
\Gin@req@height=\dimen148
\Gin@req@width=\dimen149
) ("C:\Users\teanm\AppData\Local\Programs\MiKTeX 2.9\tex/latex/collectbox\collectbox.sty"
Package: collectbox 2012/05/17 v0.4b Collect macro arguments as boxes
\collectedbox=\box45
)
\tc@llx=\dimen150
\tc@lly=\dimen151
\tc@urx=\dimen152
\tc@ury=\dimen153
Package trimclip Info: Using driver 'tc-pdftex.def'.
 ("C:\Users\teanm\AppData\Local\Programs\MiKTeX 2.9\tex/latex/adjustbox\tc-pdftex.def"
File: tc-pdftex.def 2019/01/04 v2.2 Clipping driver for pdftex
))
\adjbox@Width=\dimen154
\adjbox@Height=\dimen155
\adjbox@Depth=\dimen156
\adjbox@Totalheight=\dimen157
\adjbox@pwidth=\dimen158
\adjbox@pheight=\dimen159
\adjbox@pdepth=\dimen160
\adjbox@ptotalheight=\dimen161
 ("C:\Users\teanm\AppData\Local\Programs\MiKTeX 2.9\tex/latex/ifoddpage\ifoddpage.sty"
Package: ifoddpage 2016/04/23 v1.1 Conditionals for odd/even page detection
\c@checkoddpage=\count195
) ("C:\Users\teanm\AppData\Local\Programs\MiKTeX 2.9\tex/latex/varwidth\varwidth.sty"
Package: varwidth 2009/03/30 ver 0.92;  Variable-width minipages
\@vwid@box=\box46
\sift@deathcycles=\count196
\@vwid@loff=\dimen162
\@vwid@roff=\dimen163
))
\gincltex@box=\box47
) ("C:\Users\teanm\AppData\Local\Programs\MiKTeX 2.9\tex/latex/filemod\filemod-expmin.sty"
Package: filemod-expmin 2011/09/19 v1.2 Get and compare file modification times (expandable; minimal)
)) ("C:\Users\teanm\AppData\Local\Programs\MiKTeX 2.9\tex/latex/pdfpages\pdfpages.sty"
Package: pdfpages 2020/01/28 v0.5q Insert pages of external PDF documents (AM)
 ("C:\Users\teanm\AppData\Local\Programs\MiKTeX 2.9\tex/latex/base\ifthen.sty"
Package: ifthen 2014/09/29 v1.1c Standard LaTeX ifthen package (DPC)
) ("C:\Users\teanm\AppData\Local\Programs\MiKTeX 2.9\tex/latex/tools\calc.sty"
Package: calc 2017/05/25 v4.3 Infix arithmetic (KKT,FJ)
\calc@Acount=\count197
\calc@Bcount=\count198
\calc@Adimen=\dimen164
\calc@Bdimen=\dimen165
\calc@Askip=\skip50
\calc@Bskip=\skip51
LaTeX Info: Redefining \setlength on input line 80.
LaTeX Info: Redefining \addtolength on input line 81.
\calc@Ccount=\count199
\calc@Cskip=\skip52
) ("C:\Users\teanm\AppData\Local\Programs\MiKTeX 2.9\tex/latex/eso-pic\eso-pic.sty"
Package: eso-pic 2018/04/12 v2.0h eso-pic (RN)
)
\AM@pagewidth=\dimen166
\AM@pageheight=\dimen167
 ("C:\Users\teanm\AppData\Local\Programs\MiKTeX 2.9\tex/latex/pdfpages\pppdftex.def"
File: pppdftex.def 2020/01/28 v0.5q Pdfpages driver for pdfTeX (AM)
)
\AM@pagebox=\box48
\AM@global@opts=\toks21
\AM@pagecnt=\count266
\AM@toc@title=\toks22
\c@AM@survey=\count267
\AM@templatesizebox=\box49
) ("C:\Users\teanm\AppData\Local\Programs\MiKTeX 2.9\tex/latex/mdframed\mdframed.sty"
Package: mdframed 2013/07/01 1.9b: mdframed
 ("C:\Users\teanm\AppData\Local\Programs\MiKTeX 2.9\tex/latex/l3packages/xparse\xparse.sty" ("C:\Users\teanm\AppData\Local\Programs\MiKTeX 2.9\tex/latex/l3kernel\expl3.sty"
Package: expl3 2020-03-06 L3 programming layer (loader) 
 ("C:\Users\teanm\AppData\Local\Programs\MiKTeX 2.9\tex/latex/l3backend\l3backend-pdfmode.def"
File: l3backend-pdfmode.def 2020-03-12 L3 backend support: PDF mode
\l__kernel_color_stack_int=\count268
\l__pdf_internal_box=\box50
))
Package: xparse 2020-03-06 L3 Experimental document command parser
\l__xparse_current_arg_int=\count269
\g__xparse_grabber_int=\count270
\l__xparse_m_args_int=\count271
\l__xparse_v_nesting_int=\count272
) ("C:\Users\teanm\AppData\Local\Programs\MiKTeX 2.9\tex/latex/etoolbox\etoolbox.sty"
Package: etoolbox 2019/09/21 v2.5h e-TeX tools for LaTeX (JAW)
\etb@tempcnta=\count273
) ("C:\Users\teanm\AppData\Local\Programs\MiKTeX 2.9\tex/latex/zref\zref-abspage.sty"
Package: zref-abspage 2020-03-03 v2.29 Module abspage for zref (HO)
 ("C:\Users\teanm\AppData\Local\Programs\MiKTeX 2.9\tex/latex/zref\zref-base.sty"
Package: zref-base 2020-03-03 v2.29 Module base for zref (HO)
Package zref Info: New property list: main on input line 763.
Package zref Info: New property: default on input line 764.
Package zref Info: New property: page on input line 765.
)
\c@abspage=\count274
Package zref Info: New property: abspage on input line 66.
) ("C:\Users\teanm\AppData\Local\Programs\MiKTeX 2.9\tex/latex/needspace\needspace.sty"
Package: needspace 2010/09/12 v1.3d reserve vertical space
)
\mdf@templength=\skip53
\c@mdf@globalstyle@cnt=\count275
\mdf@skipabove@length=\skip54
\mdf@skipbelow@length=\skip55
\mdf@leftmargin@length=\skip56
\mdf@rightmargin@length=\skip57
\mdf@innerleftmargin@length=\skip58
\mdf@innerrightmargin@length=\skip59
\mdf@innertopmargin@length=\skip60
\mdf@innerbottommargin@length=\skip61
\mdf@splittopskip@length=\skip62
\mdf@splitbottomskip@length=\skip63
\mdf@outermargin@length=\skip64
\mdf@innermargin@length=\skip65
\mdf@linewidth@length=\skip66
\mdf@innerlinewidth@length=\skip67
\mdf@middlelinewidth@length=\skip68
\mdf@outerlinewidth@length=\skip69
\mdf@roundcorner@length=\skip70
\mdf@footenotedistance@length=\skip71
\mdf@userdefinedwidth@length=\skip72
\mdf@needspace@length=\skip73
\mdf@frametitleaboveskip@length=\skip74
\mdf@frametitlebelowskip@length=\skip75
\mdf@frametitlerulewidth@length=\skip76
\mdf@frametitleleftmargin@length=\skip77
\mdf@frametitlerightmargin@length=\skip78
\mdf@shadowsize@length=\skip79
\mdf@extratopheight@length=\skip80
\mdf@subtitleabovelinewidth@length=\skip81
\mdf@subtitlebelowlinewidth@length=\skip82
\mdf@subtitleaboveskip@length=\skip83
\mdf@subtitlebelowskip@length=\skip84
\mdf@subtitleinneraboveskip@length=\skip85
\mdf@subtitleinnerbelowskip@length=\skip86
\mdf@subsubtitleabovelinewidth@length=\skip87
\mdf@subsubtitlebelowlinewidth@length=\skip88
\mdf@subsubtitleaboveskip@length=\skip89
\mdf@subsubtitlebelowskip@length=\skip90
\mdf@subsubtitleinneraboveskip@length=\skip91
\mdf@subsubtitleinnerbelowskip@length=\skip92
 ("C:\Users\teanm\AppData\Local\Programs\MiKTeX 2.9\tex/latex/mdframed\md-frame-0.mdf"
File: md-frame-0.mdf 2013/07/01\ 1.9b: md-frame-0
)
\mdf@frametitlebox=\box51
\mdf@footnotebox=\box52
\mdf@splitbox@one=\box53
\mdf@splitbox@two=\box54
\mdf@splitbox@save=\box55
\mdfsplitboxwidth=\skip93
\mdfsplitboxtotalwidth=\skip94
\mdfsplitboxheight=\skip95
\mdfsplitboxdepth=\skip96
\mdfsplitboxtotalheight=\skip97
\mdfframetitleboxwidth=\skip98
\mdfframetitleboxtotalwidth=\skip99
\mdfframetitleboxheight=\skip100
\mdfframetitleboxdepth=\skip101
\mdfframetitleboxtotalheight=\skip102
\mdffootnoteboxwidth=\skip103
\mdffootnoteboxtotalwidth=\skip104
\mdffootnoteboxheight=\skip105
\mdffootnoteboxdepth=\skip106
\mdffootnoteboxtotalheight=\skip107
\mdftotallinewidth=\skip108
\mdfboundingboxwidth=\skip109
\mdfboundingboxtotalwidth=\skip110
\mdfboundingboxheight=\skip111
\mdfboundingboxdepth=\skip112
\mdfboundingboxtotalheight=\skip113
\mdf@freevspace@length=\skip114
\mdf@horizontalwidthofbox@length=\skip115
\mdf@verticalmarginwhole@length=\skip116
\mdf@horizontalspaceofbox=\skip117
\mdfsubtitleheight=\skip118
\mdfsubsubtitleheight=\skip119
\c@mdfcountframes=\count276

****** mdframed patching \endmdf@trivlist

****** -- success******

\mdf@envdepth=\count277
\c@mdf@env@i=\count278
\c@mdf@env@ii=\count279
\c@mdf@zref@counter=\count280
Package zref Info: New property: mdf@pagevalue on input line 895.
) (f:\TEAN\Portfolio\DECO\DECO2500_Report_42637460.aux)
\openout1 = `DECO2500_Report_42637460.aux'.

LaTeX Font Info:    Checking defaults for OML/cmm/m/it on input line 33.
LaTeX Font Info:    ... okay on input line 33.
LaTeX Font Info:    Checking defaults for OMS/cmsy/m/n on input line 33.
LaTeX Font Info:    ... okay on input line 33.
LaTeX Font Info:    Checking defaults for OT1/cmr/m/n on input line 33.
LaTeX Font Info:    ... okay on input line 33.
LaTeX Font Info:    Checking defaults for T1/cmr/m/n on input line 33.
LaTeX Font Info:    ... okay on input line 33.
LaTeX Font Info:    Checking defaults for TS1/cmr/m/n on input line 33.
LaTeX Font Info:    ... okay on input line 33.
LaTeX Font Info:    Checking defaults for OMX/cmex/m/n on input line 33.
LaTeX Font Info:    ... okay on input line 33.
LaTeX Font Info:    Checking defaults for U/cmr/m/n on input line 33.
LaTeX Font Info:    ... okay on input line 33.
LaTeX Font Info:    Checking defaults for PD1/pdf/m/n on input line 33.
LaTeX Font Info:    ... okay on input line 33.

*geometry* driver: auto-detecting
*geometry* detected driver: pdftex
*geometry* verbose mode - [ preamble ] result:
* driver: pdftex
* paper: a4paper
* layout: <same size as paper>
* layoutoffset:(h,v)=(0.0pt,0.0pt)
* modes: 
* h-part:(L,W,R)=(56.9055pt, 483.69687pt, 56.9055pt)
* v-part:(T,H,B)=(56.9055pt, 731.23584pt, 56.9055pt)
* \paperwidth=597.50787pt
* \paperheight=845.04684pt
* \textwidth=483.69687pt
* \textheight=731.23584pt
* \oddsidemargin=-15.36449pt
* \evensidemargin=-15.36449pt
* \topmargin=-52.36449pt
* \headheight=12.0pt
* \headsep=25.0pt
* \topskip=12.0pt
* \footskip=30.0pt
* \marginparwidth=35.0pt
* \marginparsep=10.0pt
* \columnsep=10.0pt
* \skip\footins=10.8pt plus 4.0pt minus 2.0pt
* \hoffset=0.0pt
* \voffset=0.0pt
* \mag=1000
* \@twocolumnfalse
* \@twosidefalse
* \@mparswitchfalse
* \@reversemarginfalse
* (1in=72.27pt=25.4mm, 1cm=28.453pt)

("C:\Users\teanm\AppData\Local\Programs\MiKTeX 2.9\tex/context/base/mkii\supp-pdf.mkii"
[Loading MPS to PDF converter (version 2006.09.02).]
\scratchcounter=\count281
\scratchdimen=\dimen168
\scratchbox=\box56
\nofMPsegments=\count282
\nofMParguments=\count283
\everyMPshowfont=\toks23
\MPscratchCnt=\count284
\MPscratchDim=\dimen169
\MPnumerator=\count285
\makeMPintoPDFobject=\count286
\everyMPtoPDFconversion=\toks24
) ("C:\Users\teanm\AppData\Local\Programs\MiKTeX 2.9\tex/latex/epstopdf-pkg\epstopdf-base.sty"
Package: epstopdf-base 2020-01-24 v2.11 Base part for package epstopdf
Package epstopdf-base Info: Redefining graphics rule for `.eps' on input line 485.
)
\AtBeginShipoutBox=\box57
Package hyperref Info: Link coloring ON on input line 33.
 ("C:\Users\teanm\AppData\Local\Programs\MiKTeX 2.9\tex/latex/hyperref\nameref.sty"
Package: nameref 2019/09/16 v2.46 Cross-referencing by name of section
 ("C:\Users\teanm\AppData\Local\Programs\MiKTeX 2.9\tex/latex/refcount\refcount.sty"
Package: refcount 2019/12/15 v3.6 Data extraction from label references (HO)
) ("C:\Users\teanm\AppData\Local\Programs\MiKTeX 2.9\tex/generic/gettitlestring\gettitlestring.sty"
Package: gettitlestring 2019/12/15 v1.6 Cleanup title references (HO)
)
\c@section@level=\count287
)
LaTeX Info: Redefining \ref on input line 33.
LaTeX Info: Redefining \pageref on input line 33.
LaTeX Info: Redefining \nameref on input line 33.
 (f:\TEAN\Portfolio\DECO\DECO2500_Report_42637460.out) (f:\TEAN\Portfolio\DECO\DECO2500_Report_42637460.out)
\@outlinefile=\write3
\openout3 = `DECO2500_Report_42637460.out'.

 ("C:\Users\teanm\AppData\Local\Programs\MiKTeX 2.9\tex/latex/pdflscape\pdflscape.sty"
Package: pdflscape 2019/12/05 v0.12 Display of landscape pages in PDF (HO)
 ("C:\Users\teanm\AppData\Local\Programs\MiKTeX 2.9\tex/latex/graphics\lscape.sty"
Package: lscape 2000/10/22 v3.01 Landscape Pages (DPC)
)
Package pdflscape Info: Auto-detected driver: pdftex on input line 81.
)
LaTeX Font Info:    External font `cmex10' loaded for size
(Font)              <14.4> on input line 35.
LaTeX Font Info:    External font `cmex10' loaded for size
(Font)              <7> on input line 35.
 [1

{C:/Users/teanm/AppData/Local/MiKTeX/2.9/pdftex/config/pdftex.map}] (f:\TEAN\Portfolio\DECO\DECO2500_Report_42637460.toc
LaTeX Font Info:    External font `cmex10' loaded for size
(Font)              <12> on input line 4.
LaTeX Font Info:    External font `cmex10' loaded for size
(Font)              <8> on input line 4.
LaTeX Font Info:    External font `cmex10' loaded for size
(Font)              <6> on input line 4.
)
\tf@toc=\write4
\openout4 = `DECO2500_Report_42637460.toc'.

 [2] (f:\TEAN\Portfolio\DECO\Low_Fidelity/Low_Report/Low_Report.tex [3] [4]) [5] (f:\TEAN\Portfolio\DECO\Low_Fidelity/Low_Protocol/Low_Protocol.tex) [6] [7]
Package mdframed Info: Box was splittet wrong
 starting loop to iterate the splitting point
(mdframed)              on input line 75.
 [8] [9] [10] [11]
<Low_Fidelity/Low_Form.pdf, id=160, 598.15468pt x 845.07718pt>
File: Low_Fidelity/Low_Form.pdf Graphic file (type pdf)
<use Low_Fidelity/Low_Form.pdf>
Package pdftex.def Info: Low_Fidelity/Low_Form.pdf  used on input line 78.
(pdftex.def)             Requested size: 598.15321pt x 845.07512pt.
File: Low_Fidelity/Low_Form.pdf Graphic file (type pdf)
<use Low_Fidelity/Low_Form.pdf>
Package pdftex.def Info: Low_Fidelity/Low_Form.pdf  used on input line 78.
(pdftex.def)             Requested size: 598.15321pt x 845.07512pt.
<Low_Fidelity/Low_Form.pdf, id=163, page=1, 598.15468pt x 845.07718pt>
File: Low_Fidelity/Low_Form.pdf Graphic file (type pdf)
<use Low_Fidelity/Low_Form.pdf, page 1>
Package pdftex.def Info: Low_Fidelity/Low_Form.pdf , page1 used on input line 78.
(pdftex.def)             Requested size: 598.15321pt x 845.07512pt.
File: Low_Fidelity/Low_Form.pdf Graphic file (type pdf)
<use Low_Fidelity/Low_Form.pdf, page 1>
Package pdftex.def Info: Low_Fidelity/Low_Form.pdf , page1 used on input line 78.
(pdftex.def)             Requested size: 597.66034pt x 844.37878pt.
File: Low_Fidelity/Low_Form.pdf Graphic file (type pdf)
<use Low_Fidelity/Low_Form.pdf, page 1>
Package pdftex.def Info: Low_Fidelity/Low_Form.pdf , page1 used on input line 78.
(pdftex.def)             Requested size: 597.66034pt x 844.37878pt.
File: Low_Fidelity/Low_Form.pdf Graphic file (type pdf)
<use Low_Fidelity/Low_Form.pdf, page 1>
Package pdftex.def Info: Low_Fidelity/Low_Form.pdf , page1 used on input line 78.
(pdftex.def)             Requested size: 597.66034pt x 844.37878pt.
File: Low_Fidelity/Low_Form.pdf Graphic file (type pdf)
<use Low_Fidelity/Low_Form.pdf, page 1>
Package pdftex.def Info: Low_Fidelity/Low_Form.pdf , page1 used on input line 78.
(pdftex.def)             Requested size: 597.66034pt x 844.37878pt.
 [12 <f:/TEAN/Portfolio/DECO/Low_Fidelity/Low_Form.pdf>]
File: Low_Fidelity/Low_Form.pdf Graphic file (type pdf)
<use Low_Fidelity/Low_Form.pdf>
Package pdftex.def Info: Low_Fidelity/Low_Form.pdf  used on input line 79.
(pdftex.def)             Requested size: 598.15321pt x 845.07512pt.
File: Low_Fidelity/Low_Form.pdf Graphic file (type pdf)
<use Low_Fidelity/Low_Form.pdf>
Package pdftex.def Info: Low_Fidelity/Low_Form.pdf  used on input line 79.
(pdftex.def)             Requested size: 598.15321pt x 845.07512pt.
<Low_Fidelity/Low_Form.pdf, id=193, page=2, 598.15468pt x 845.07718pt>
File: Low_Fidelity/Low_Form.pdf Graphic file (type pdf)
<use Low_Fidelity/Low_Form.pdf, page 2>
Package pdftex.def Info: Low_Fidelity/Low_Form.pdf , page2 used on input line 79.
(pdftex.def)             Requested size: 598.15321pt x 845.07512pt.
File: Low_Fidelity/Low_Form.pdf Graphic file (type pdf)
<use Low_Fidelity/Low_Form.pdf, page 2>
Package pdftex.def Info: Low_Fidelity/Low_Form.pdf , page2 used on input line 79.
(pdftex.def)             Requested size: 597.66034pt x 844.37878pt.
File: Low_Fidelity/Low_Form.pdf Graphic file (type pdf)
<use Low_Fidelity/Low_Form.pdf, page 2>
Package pdftex.def Info: Low_Fidelity/Low_Form.pdf , page2 used on input line 79.
(pdftex.def)             Requested size: 597.66034pt x 844.37878pt.
File: Low_Fidelity/Low_Form.pdf Graphic file (type pdf)
<use Low_Fidelity/Low_Form.pdf, page 2>
Package pdftex.def Info: Low_Fidelity/Low_Form.pdf , page2 used on input line 79.
(pdftex.def)             Requested size: 597.66034pt x 844.37878pt.
File: Low_Fidelity/Low_Form.pdf Graphic file (type pdf)
<use Low_Fidelity/Low_Form.pdf, page 2>
Package pdftex.def Info: Low_Fidelity/Low_Form.pdf , page2 used on input line 79.
(pdftex.def)             Requested size: 597.66034pt x 844.37878pt.
 [13 <f:/TEAN/Portfolio/DECO/Low_Fidelity/Low_Form.pdf>]

pdfTeX warning: pdflatex (file f:/TEAN/Portfolio/DECO/Low_Fidelity/Low_Slides.pdf): PDF inclusion: found PDF version <1.7>, but at most version <1.5> allowed
<Low_Fidelity/Low_Slides.pdf, id=222, 614.295pt x 794.97pt>
File: Low_Fidelity/Low_Slides.pdf Graphic file (type pdf)
<use Low_Fidelity/Low_Slides.pdf>
Package pdftex.def Info: Low_Fidelity/Low_Slides.pdf  used on input line 83.
(pdftex.def)             Requested size: 614.29349pt x 794.96806pt.


pdfTeX warning: pdflatex (file f:/TEAN/Portfolio/DECO/Low_Fidelity/Low_Slides.pdf): PDF inclusion: found PDF version <1.7>, but at most version <1.5> allowed
File: Low_Fidelity/Low_Slides.pdf Graphic file (type pdf)
<use Low_Fidelity/Low_Slides.pdf>
Package pdftex.def Info: Low_Fidelity/Low_Slides.pdf  used on input line 83.
(pdftex.def)             Requested size: 614.29349pt x 794.96806pt.


pdfTeX warning: pdflatex (file f:/TEAN/Portfolio/DECO/Low_Fidelity/Low_Slides.pdf): PDF inclusion: found PDF version <1.7>, but at most version <1.5> allowed


pdfTeX warning: pdflatex (file f:/TEAN/Portfolio/DECO/Low_Fidelity/Low_Slides.pdf): PDF inclusion: found PDF version <1.7>, but at most version <1.5> allowed
<Low_Fidelity/Low_Slides.pdf, id=225, page=1, 614.295pt x 794.97pt>
File: Low_Fidelity/Low_Slides.pdf Graphic file (type pdf)
<use Low_Fidelity/Low_Slides.pdf, page 1>
Package pdftex.def Info: Low_Fidelity/Low_Slides.pdf , page1 used on input line 83.
(pdftex.def)             Requested size: 614.29349pt x 794.96806pt.
File: Low_Fidelity/Low_Slides.pdf Graphic file (type pdf)
<use Low_Fidelity/Low_Slides.pdf, page 1>
Package pdftex.def Info: Low_Fidelity/Low_Slides.pdf , page1 used on input line 83.
(pdftex.def)             Requested size: 597.78697pt x 773.60669pt.
File: Low_Fidelity/Low_Slides.pdf Graphic file (type pdf)
<use Low_Fidelity/Low_Slides.pdf, page 1>
Package pdftex.def Info: Low_Fidelity/Low_Slides.pdf , page1 used on input line 83.
(pdftex.def)             Requested size: 597.78697pt x 773.60669pt.
File: Low_Fidelity/Low_Slides.pdf Graphic file (type pdf)
<use Low_Fidelity/Low_Slides.pdf, page 1>
Package pdftex.def Info: Low_Fidelity/Low_Slides.pdf , page1 used on input line 83.
(pdftex.def)             Requested size: 597.78697pt x 773.60669pt.
File: Low_Fidelity/Low_Slides.pdf Graphic file (type pdf)
<use Low_Fidelity/Low_Slides.pdf, page 1>
Package pdftex.def Info: Low_Fidelity/Low_Slides.pdf , page1 used on input line 83.
(pdftex.def)             Requested size: 597.78697pt x 773.60669pt.
[14 <f:/TEAN/Portfolio/DECO/Low_Fidelity/Low_Slides.pdf>]
File: Low_Fidelity/Low_Slides.pdf Graphic file (type pdf)
<use Low_Fidelity/Low_Slides.pdf>
Package pdftex.def Info: Low_Fidelity/Low_Slides.pdf  used on input line 84.
(pdftex.def)             Requested size: 614.29349pt x 794.96806pt.


pdfTeX warning: pdflatex (file f:/TEAN/Portfolio/DECO/Low_Fidelity/Low_Slides.pdf): PDF inclusion: found PDF version <1.7>, but at most version <1.5> allowed
File: Low_Fidelity/Low_Slides.pdf Graphic file (type pdf)
<use Low_Fidelity/Low_Slides.pdf>
Package pdftex.def Info: Low_Fidelity/Low_Slides.pdf  used on input line 84.
(pdftex.def)             Requested size: 614.29349pt x 794.96806pt.


pdfTeX warning: pdflatex (file f:/TEAN/Portfolio/DECO/Low_Fidelity/Low_Slides.pdf): PDF inclusion: found PDF version <1.7>, but at most version <1.5> allowed


pdfTeX warning: pdflatex (file f:/TEAN/Portfolio/DECO/Low_Fidelity/Low_Slides.pdf): PDF inclusion: found PDF version <1.7>, but at most version <1.5> allowed
<Low_Fidelity/Low_Slides.pdf, id=280, page=2, 614.295pt x 794.97pt>
File: Low_Fidelity/Low_Slides.pdf Graphic file (type pdf)
<use Low_Fidelity/Low_Slides.pdf, page 2>
Package pdftex.def Info: Low_Fidelity/Low_Slides.pdf , page2 used on input line 84.
(pdftex.def)             Requested size: 614.29349pt x 794.96806pt.
File: Low_Fidelity/Low_Slides.pdf Graphic file (type pdf)
<use Low_Fidelity/Low_Slides.pdf, page 2>
Package pdftex.def Info: Low_Fidelity/Low_Slides.pdf , page2 used on input line 84.
(pdftex.def)             Requested size: 597.78697pt x 773.60669pt.
File: Low_Fidelity/Low_Slides.pdf Graphic file (type pdf)
<use Low_Fidelity/Low_Slides.pdf, page 2>
Package pdftex.def Info: Low_Fidelity/Low_Slides.pdf , page2 used on input line 84.
(pdftex.def)             Requested size: 597.78697pt x 773.60669pt.
File: Low_Fidelity/Low_Slides.pdf Graphic file (type pdf)
<use Low_Fidelity/Low_Slides.pdf, page 2>
Package pdftex.def Info: Low_Fidelity/Low_Slides.pdf , page2 used on input line 84.
(pdftex.def)             Requested size: 597.78697pt x 773.60669pt.
File: Low_Fidelity/Low_Slides.pdf Graphic file (type pdf)
<use Low_Fidelity/Low_Slides.pdf, page 2>
Package pdftex.def Info: Low_Fidelity/Low_Slides.pdf , page2 used on input line 84.
(pdftex.def)             Requested size: 597.78697pt x 773.60669pt.
[15 <f:/TEAN/Portfolio/DECO/Low_Fidelity/Low_Slides.pdf>] [16]
Package atveryend Info: Empty hook `BeforeClearDocument' on input line 92.
 [17]
Package atveryend Info: Empty hook `AfterLastShipout' on input line 92.
 (f:\TEAN\Portfolio\DECO\DECO2500_Report_42637460.aux)
Package atveryend Info: Executing hook `AtVeryEndDocument' on input line 92.
Package atveryend Info: Executing hook `AtEndAfterFileList' on input line 92.
Package rerunfilecheck Info: File `DECO2500_Report_42637460.out' has not changed.
(rerunfilecheck)             Checksum: 6A2E9D7C67F19F29366DFE52DF3CDB9B;820.
Package atveryend Info: Empty hook `AtVeryVeryEnd' on input line 92.
 ) 
Here is how much of TeX's memory you used:
 10617 strings out of 480934
 177085 string characters out of 2899918
 524781 words of memory out of 3000000
 26172 multiletter control sequences out of 15000+200000
 538796 words of font info for 45 fonts, out of 3000000 for 9000
 1141 hyphenation exceptions out of 8191
 67i,18n,48p,966b,539s stack positions out of 5000i,500n,10000p,200000b,50000s
 <C:\Users\teanm\AppData\Local\MiKTeX\2.9\fonts/pk/ljfour/jknappen/ec/dpi600\tcrm1200.pk><C:/Users/teanm/AppData/Local/Programs/MiKTeX 2.9/fonts/type1/public/amsfonts/cm/cmbx12.pfb><C:/Users/teanm/AppData/Local/Programs/MiKTeX 2.9/fonts/type1/public/amsfonts/cm/cmr12.pfb><C:/Users/teanm/AppData/Local/Programs/MiKTeX 2.9/fonts/type1/public/amsfonts/cm/cmr17.pfb><C:/Users/teanm/AppData/Local/Programs/MiKTeX 2.9/fonts/type1/public/amsfonts/cm/cmti12.pfb>
Output written on f:\TEAN\Portfolio\DECO\DECO2500_Report_42637460.pdf (17 pages, 1297483 bytes).
PDF statistics:
 338 PDF objects out of 1000 (max. 8388607)
 70 named destinations out of 1000 (max. 500000)
 175 words of extra memory for PDF output out of 10000 (max. 10000000)

