\BOOKMARK [1][-]{section.1}{Introduction}{}% 1
\BOOKMARK [1][-]{section.2}{Low Fidelity Prototype}{}% 2
\BOOKMARK [2][-]{subsection.2.1}{Requirements/Conception Design}{section.2}% 3
\BOOKMARK [2][-]{subsection.2.2}{Evaluation Methods}{section.2}% 4
\BOOKMARK [2][-]{subsection.2.3}{Evaluation Protocol}{section.2}% 5
\BOOKMARK [2][-]{subsection.2.4}{Evaluation Results}{section.2}% 6
\BOOKMARK [2][-]{subsection.2.5}{Evaluation Analysis}{section.2}% 7
\BOOKMARK [1][-]{section.3}{Medium Fidelity Prototype}{}% 8
\BOOKMARK [2][-]{subsection.3.1}{Revised Requirements/Conception Design}{section.3}% 9
\BOOKMARK [2][-]{subsection.3.2}{Personas}{section.3}% 10
\BOOKMARK [2][-]{subsection.3.3}{Interaction Scenarios}{section.3}% 11
\BOOKMARK [2][-]{subsection.3.4}{UX Goals}{section.3}% 12
\BOOKMARK [2][-]{subsection.3.5}{Prototype Development}{section.3}% 13
\BOOKMARK [2][-]{subsection.3.6}{Evaluation Methods}{section.3}% 14
\BOOKMARK [2][-]{subsection.3.7}{Evaluation Protocol}{section.3}% 15
\BOOKMARK [2][-]{subsection.3.8}{Evaluation Results}{section.3}% 16
\BOOKMARK [2][-]{subsection.3.9}{Evaluation Analysis}{section.3}% 17
\BOOKMARK [1][-]{section.4}{High Fidelity Prototype}{}% 18
\BOOKMARK [2][-]{subsection.4.1}{Revised Requirements/Conception Design}{section.4}% 19
\BOOKMARK [2][-]{subsection.4.2}{Personas}{section.4}% 20
\BOOKMARK [2][-]{subsection.4.3}{Interaction Scenarios}{section.4}% 21
\BOOKMARK [2][-]{subsection.4.4}{UX Goals}{section.4}% 22
\BOOKMARK [2][-]{subsection.4.5}{Prototype Development}{section.4}% 23
\BOOKMARK [2][-]{subsection.4.6}{Evaluation Methods}{section.4}% 24
\BOOKMARK [2][-]{subsection.4.7}{Evaluation Protocol}{section.4}% 25
\BOOKMARK [2][-]{subsection.4.8}{Evaluation Results}{section.4}% 26
\BOOKMARK [2][-]{subsection.4.9}{Evaluation Analysis}{section.4}% 27
\BOOKMARK [1][-]{section.5}{Conclusion}{}% 28
\BOOKMARK [1][-]{section*.18}{Appendices}{}% 29
\BOOKMARK [1][-]{appendix.A}{Low Fidelity Prototype}{}% 30
\BOOKMARK [2][-]{subsection.A.1}{Evaluation Protocol}{appendix.A}% 31
\BOOKMARK [2][-]{subsection.A.2}{Google Forms}{appendix.A}% 32
\BOOKMARK [2][-]{subsection.A.3}{Presentation}{appendix.A}% 33
\BOOKMARK [2][-]{subsection.A.4}{Questionnaire Results}{appendix.A}% 34
\BOOKMARK [2][-]{subsection.A.5}{Interview Notes}{appendix.A}% 35
\BOOKMARK [1][-]{appendix.B}{Medium Fidelity Prototype}{}% 36
\BOOKMARK [2][-]{subsection.B.1}{Personas}{appendix.B}% 37
\BOOKMARK [2][-]{subsection.B.2}{Interaction Scenarios}{appendix.B}% 38
\BOOKMARK [2][-]{subsection.B.3}{UX Goals}{appendix.B}% 39
\BOOKMARK [2][-]{subsection.B.4}{Evaluation Protocol}{appendix.B}% 40
\BOOKMARK [2][-]{subsection.B.5}{Google Forms}{appendix.B}% 41
\BOOKMARK [2][-]{subsection.B.6}{Presentation}{appendix.B}% 42
\BOOKMARK [2][-]{subsection.B.7}{SUS Questionnaire Results}{appendix.B}% 43
\BOOKMARK [2][-]{subsection.B.8}{Notes}{appendix.B}% 44
\BOOKMARK [1][-]{appendix.C}{High Fidelity Prototype}{}% 45
\BOOKMARK [2][-]{subsection.C.1}{Evaluation Protocol}{appendix.C}% 46
\BOOKMARK [2][-]{subsection.C.2}{Google Forms}{appendix.C}% 47
\BOOKMARK [2][-]{subsection.C.3}{Presentation}{appendix.C}% 48
\BOOKMARK [2][-]{subsection.C.4}{Google Sheets}{appendix.C}% 49
\BOOKMARK [2][-]{subsection.C.5}{Expert Notes}{appendix.C}% 50
\BOOKMARK [1][-]{appendix.D}{Overview}{}% 51
\BOOKMARK [2][-]{subsection.D.1}{Conceptual Design}{appendix.D}% 52
\BOOKMARK [2][-]{subsection.D.2}{Prototype Progression}{appendix.D}% 53
